Sending build context to Docker daemon  242.7kB
Step 1/7 : FROM juliacn/ubuntu:julia
 ---> caa55f1456fb
Step 2/7 : RUN apt-get update -y
 ---> Using cache
 ---> ecda1c74ccc9
Step 3/7 : RUN apt-get install -qy libxt6 libxrender1 libgl1-mesa-glx # for GR
 ---> Using cache
 ---> e78b943ea06b
Step 4/7 : COPY install.jl .
 ---> Using cache
 ---> 28f92e59f53b
Step 5/7 : COPY test.jl .
 ---> Using cache
 ---> c04cb2fd81e4
Step 6/7 : RUN julia install.jl
 ---> Using cache
 ---> d2b0e34add01
Step 7/7 : RUN julia test.jl
 ---> Using cache
 ---> e8738d12d48d
Successfully built e8738d12d48d
Successfully tagged juliacn/ubuntu:julia.gr
